The system is: Windows - 10.0.19042 - AMD64
Compiling the C compiler identification source file "CMakeCCompilerId.c" succeeded.
Compiler: E:/proflie/VC/Tools/MSVC/14.28.29910/bin/Hostx86/x86/cl.exe 
Build flags: 
Id flags:  

The output was:
0
用于 x86 的 Microsoft (R) C/C++ 优化编译器 19.28.29910 版
版权所有(C) Microsoft Corporation。保留所有权利。

CMakeCCompilerId.c
Microsoft (R) Incremental Linker Version 14.28.29910.0
Copyright (C) Microsoft Corporation.  All rights reserved.

/out:CMakeCCompilerId.exe 
CMakeCCompilerId.obj 


Compilation of the C compiler identification source "CMakeCCompilerId.c" produced "CMakeCCompilerId.exe"

Compilation of the C compiler identification source "CMakeCCompilerId.c" produced "CMakeCCompilerId.obj"

The C compiler identification is MSVC, found in "E:/BUPT-study/algorithm exp/cmake-build-debug/CMakeFiles/3.19.2/CompilerIdC/CMakeCCompilerId.exe"

Compiling the CXX compiler identification source file "CMakeCXXCompilerId.cpp" succeeded.
Compiler: E:/proflie/VC/Tools/MSVC/14.28.29910/bin/Hostx86/x86/cl.exe 
Build flags: 
Id flags:  

The output was:
0
用于 x86 的 Microsoft (R) C/C++ 优化编译器 19.28.29910 版
版权所有(C) Microsoft Corporation。保留所有权利。

CMakeCXXCompilerId.cpp
Microsoft (R) Incremental Linker Version 14.28.29910.0
Copyright (C) Microsoft Corporation.  All rights reserved.

/out:CMakeCXXCompilerId.exe 
CMakeCXXCompilerId.obj 


Compilation of the CXX compiler identification source "CMakeCXXCompilerId.cpp" produced "CMakeCXXCompilerId.exe"

Compilation of the CXX compiler identification source "CMakeCXXCompilerId.cpp" produced "CMakeCXXCompilerId.obj"

The CXX compiler identification is MSVC, found in "E:/BUPT-study/algorithm exp/cmake-build-debug/CMakeFiles/3.19.2/CompilerIdCXX/CMakeCXXCompilerId.exe"

Detecting C compiler ABI info compiled with the following output:
Change Dir: E:/BUPT-study/algorithm exp/cmake-build-debug/CMakeFiles/CMakeTmp

Run Build Command(s):nmake /nologo cmTC_b514c\fast && 	E:\proflie\VC\Tools\MSVC\14.28.29910\bin\HostX86\x86\nmake.exe  -f CMakeFiles\cmTC_b514c.dir\build.make /nologo -L                  CMakeFiles\cmTC_b514c.dir\build
Building C object CMakeFiles/cmTC_b514c.dir/CMakeCCompilerABI.c.obj
	E:\proflie\VC\Tools\MSVC\14.28.29910\bin\Hostx86\x86\cl.exe @C:\Users\lee\AppData\Local\Temp\nm81A0.tmp
CMakeCCompilerABI.c
Linking C executable cmTC_b514c.exe
	"E:\Program Files\CLion 2021.1.1\bin\cmake\win\bin\cmake.exe" -E vs_link_exe --intdir=CMakeFiles\cmTC_b514c.dir --rc="D:\Windows Kits\10\bin\10.0.18362.0\x86\rc.exe" --mt="D:\Windows Kits\10\bin\10.0.18362.0\x86\mt.exe" --manifests -- E:\proflie\VC\Tools\MSVC\14.28.29910\bin\Hostx86\x86\link.exe /nologo @CMakeFiles\cmTC_b514c.dir\objects1.rsp @C:\Users\lee\AppData\Local\Temp\nm8328.tmp



Detecting CXX compiler ABI info compiled with the following output:
Change Dir: E:/BUPT-study/algorithm exp/cmake-build-debug/CMakeFiles/CMakeTmp

Run Build Command(s):nmake /nologo cmTC_b434e\fast && 	E:\proflie\VC\Tools\MSVC\14.28.29910\bin\HostX86\x86\nmake.exe  -f CMakeFiles\cmTC_b434e.dir\build.make /nologo -L                  CMakeFiles\cmTC_b434e.dir\build
Building CXX object CMakeFiles/cmTC_b434e.dir/CMakeCXXCompilerABI.cpp.obj
	E:\proflie\VC\Tools\MSVC\14.28.29910\bin\Hostx86\x86\cl.exe @C:\Users\lee\AppData\Local\Temp\nm84EC.tmp
CMakeCXXCompilerABI.cpp
Linking CXX executable cmTC_b434e.exe
	"E:\Program Files\CLion 2021.1.1\bin\cmake\win\bin\cmake.exe" -E vs_link_exe --intdir=CMakeFiles\cmTC_b434e.dir --rc="D:\Windows Kits\10\bin\10.0.18362.0\x86\rc.exe" --mt="D:\Windows Kits\10\bin\10.0.18362.0\x86\mt.exe" --manifests -- E:\proflie\VC\Tools\MSVC\14.28.29910\bin\Hostx86\x86\link.exe /nologo @CMakeFiles\cmTC_b434e.dir\objects1.rsp @C:\Users\lee\AppData\Local\Temp\nm855A.tmp



